Using pre-set license
Built from '2020.2/release' branch; Version is '2020.2.2f1 (068178b99f32) revision 426360'; Using compiler version '192528614'; Build Type 'Release'
OS: 'Windows 10 Education; OS build 17763.1757; Version 1809; 64bit' Language: 'en' Physical Memory: 16326 MB
BatchMode: 1, IsHumanControllingUs: 0, StartBugReporterOnCrash: 0, Is64bit: 1, IsPro: 0

 COMMAND LINE ARGUMENTS:
D:\2020.2.2f1\Editor\Unity.exe
-adb2
-batchMode
-noUpm
-name
AssetImportWorker0
-projectPath
G:/Unity Projects/ChainLetterJamz/ChainLetterJam
-logFile
Logs/AssetImportWorker0.log
-srvPort
62946
Successfully changed project path to: G:/Unity Projects/ChainLetterJamz/ChainLetterJam
G:/Unity Projects/ChainLetterJamz/ChainLetterJam
Using Asset Import Pipeline V2.
Refreshing native plugins compatible for Editor in 33.12 ms, found 0 plugins.
Preloading 0 native plugins for Editor in 0.00 ms.
Initialize engine version: 2020.2.2f1 (068178b99f32)
[Subsystems] Discovering subsystems at path D:/2020.2.2f1/Editor/Data/Resources/UnitySubsystems
[Subsystems] Discovering subsystems at path G:/Unity Projects/ChainLetterJamz/ChainLetterJam/Assets
GfxDevice: creating device client; threaded=0
Direct3D:
    Version:  Direct3D 11.0 [level 11.1]
    Renderer: Radeon RX 580 Series (ID=0x67df)
    Vendor:   
    VRAM:     4043 MB
    Driver:   22.19.677.257
Initialize mono
Mono path[0] = 'D:/2020.2.2f1/Editor/Data/Managed'
Mono path[1] = 'D:/2020.2.2f1/Editor/Data/MonoBleedingEdge/lib/mono/unityjit'
Mono config path = 'D:/2020.2.2f1/Editor/Data/MonoBleedingEdge/etc'
Using monoOptions --debugger-agent=transport=dt_socket,embedding=1,server=y,suspend=n,address=127.0.0.1:56928
Begin MonoManager ReloadAssembly
Registering precompiled unity dll's ...
Register platform support module: D:/2020.2.2f1/Editor/Data/PlaybackEngines/WebGLSupport/UnityEditor.WebGL.Extensions.dll
Register platform support module: D:/2020.2.2f1/Editor/Data/PlaybackEngines/WindowsStandaloneSupport/UnityEditor.WindowsStandalone.Extensions.dll
Registered in 0.001695 seconds.
Native extension for WindowsStandalone target not found
Native extension for WebGL target not found
Refreshing native plugins compatible for Editor in 28.64 ms, found 0 plugins.
Preloading 0 native plugins for Editor in 0.00 ms.
Invoked RoslynAnalysisRunner static constructor.
RoslynAnalysisRunner will not be running.
RoslynAnalysisRunner has terminated.
Mono: successfully reloaded assembly
- Completed reload, in  1.924 seconds
Platform modules already initialized, skipping
Registering precompiled user dll's ...
Registered in 0.001513 seconds.
Begin MonoManager ReloadAssembly
Native extension for WindowsStandalone target not found
Native extension for WebGL target not found
Refreshing native plugins compatible for Editor in 1.00 ms, found 0 plugins.
Preloading 0 native plugins for Editor in 0.00 ms.
Invoked RoslynAnalysisRunner static constructor.
RoslynAnalysisRunner will not be running.
RoslynAnalysisRunner has terminated.
Mono: successfully reloaded assembly
- Completed reload, in  0.961 seconds
Platform modules already initialized, skipping
========================================================================
Worker process is ready to serve import requests
Launched and connected shader compiler UnityShaderCompiler.exe after 0.07 seconds
Refreshing native plugins compatible for Editor in 0.57 ms, found 0 plugins.
Preloading 0 native plugins for Editor in 0.00 ms.
Unloading 1229 Unused Serialized files (Serialized files now loaded: 0)
System memory in use before: 66.2 MB.
System memory in use after: 66.3 MB.

Unloading 11 unused Assets to reduce memory usage. Loaded Objects now: 1677.
Total: 2.250300 ms (FindLiveObjects: 0.139500 ms CreateObjectMapping: 0.078600 ms MarkObjects: 1.946000 ms  DeleteObjects: 0.084600 ms)

========================================================================
Received Import Request.
  path: Assets/Graphics/card2.png
  artifactKey: Guid(2e973f5a6ec841a409fde51ea2921ce3) Importer(815301076,1909f56bfc062723c751e8b465ee728b)
Start importing Assets/Graphics/card2.png using Guid(2e973f5a6ec841a409fde51ea2921ce3) Importer(815301076,1909f56bfc062723c751e8b465ee728b)  -> (artifact id: 'c9026cbed73fdb1675081e40e238ae63') in 0.161393 seconds
  Import took 0.164106 seconds .

========================================================================
Received Import Request.
  Time since last request: 1.155520 seconds.
  path: Assets/Graphics/card2.png
  artifactKey: Guid(2e973f5a6ec841a409fde51ea2921ce3) Importer(815301076,1909f56bfc062723c751e8b465ee728b)
Start importing Assets/Graphics/card2.png using Guid(2e973f5a6ec841a409fde51ea2921ce3) Importer(815301076,1909f56bfc062723c751e8b465ee728b)  -> (artifact id: 'c9026cbed73fdb1675081e40e238ae63') in 0.006262 seconds
  Import took 0.008681 seconds .

========================================================================
Received Import Request.
  Time since last request: 5.631760 seconds.
  path: Assets/Graphics/card2.png
  artifactKey: Guid(2e973f5a6ec841a409fde51ea2921ce3) Importer(815301076,1909f56bfc062723c751e8b465ee728b)
Start importing Assets/Graphics/card2.png using Guid(2e973f5a6ec841a409fde51ea2921ce3) Importer(815301076,1909f56bfc062723c751e8b465ee728b)  -> (artifact id: 'bacc3f131be5011fcc0e76812988195c') in 0.050159 seconds
  Import took 0.053837 seconds .

========================================================================
Received Import Request.
  Time since last request: 288.230819 seconds.
  path: Assets/Graphics/girly2.png
  artifactKey: Guid(9f435e8889512d841ae8d82b16b81b21) Importer(815301076,1909f56bfc062723c751e8b465ee728b)
Start importing Assets/Graphics/girly2.png using Guid(9f435e8889512d841ae8d82b16b81b21) Importer(815301076,1909f56bfc062723c751e8b465ee728b)  -> (artifact id: 'bcd969dad0e446d705ae3d5a3d56af2e') in 0.015685 seconds
  Import took 0.020106 seconds .

========================================================================
Received Import Request.
  Time since last request: 9.896953 seconds.
  path: Assets/Graphics/girly2.png
  artifactKey: Guid(9f435e8889512d841ae8d82b16b81b21) Importer(815301076,1909f56bfc062723c751e8b465ee728b)
Start importing Assets/Graphics/girly2.png using Guid(9f435e8889512d841ae8d82b16b81b21) Importer(815301076,1909f56bfc062723c751e8b465ee728b)  -> (artifact id: 'deef5948fd77c76dfac3d53f680cc890') in 0.020439 seconds
  Import took 0.022880 seconds .

========================================================================
Received Import Request.
  Time since last request: 0.011268 seconds.
  path: Assets/Graphics/girly2.png
  artifactKey: Guid(9f435e8889512d841ae8d82b16b81b21) Importer(815301076,1909f56bfc062723c751e8b465ee728b)
Start importing Assets/Graphics/girly2.png using Guid(9f435e8889512d841ae8d82b16b81b21) Importer(815301076,1909f56bfc062723c751e8b465ee728b)  -> (artifact id: 'deef5948fd77c76dfac3d53f680cc890') in 0.016585 seconds
  Import took 0.018975 seconds .

========================================================================
Received Import Request.
  Time since last request: 562.812013 seconds.
  path: Assets/Graphics/girly3.png
  artifactKey: Guid(90d905fc1bab8fe4e98bb9098067ba88) Importer(815301076,1909f56bfc062723c751e8b465ee728b)
Start importing Assets/Graphics/girly3.png using Guid(90d905fc1bab8fe4e98bb9098067ba88) Importer(815301076,1909f56bfc062723c751e8b465ee728b)  -> (artifact id: 'd49294162d0721dd540065b26b309aeb') in 0.016940 seconds
  Import took 0.021082 seconds .

========================================================================
Received Import Request.
  Time since last request: 20.615267 seconds.
  path: Assets/Graphics/girly3.png
  artifactKey: Guid(90d905fc1bab8fe4e98bb9098067ba88) Importer(815301076,1909f56bfc062723c751e8b465ee728b)
Start importing Assets/Graphics/girly3.png using Guid(90d905fc1bab8fe4e98bb9098067ba88) Importer(815301076,1909f56bfc062723c751e8b465ee728b)  -> (artifact id: 'b84f6f7f24623132ce64752ed88d5349') in 0.011226 seconds
  Import took 0.014659 seconds .

========================================================================
Received Import Request.
  Time since last request: 0.006869 seconds.
  path: Assets/Graphics/girly3.png
  artifactKey: Guid(90d905fc1bab8fe4e98bb9098067ba88) Importer(815301076,1909f56bfc062723c751e8b465ee728b)
Start importing Assets/Graphics/girly3.png using Guid(90d905fc1bab8fe4e98bb9098067ba88) Importer(815301076,1909f56bfc062723c751e8b465ee728b)  -> (artifact id: 'b84f6f7f24623132ce64752ed88d5349') in 0.018887 seconds
  Import took 0.021415 seconds .

========================================================================
Received Prepare
Registering precompiled user dll's ...
Registered in 0.001371 seconds.
Begin MonoManager ReloadAssembly
Native extension for WindowsStandalone target not found
Native extension for WebGL target not found
Refreshing native plugins compatible for Editor in 0.23 ms, found 0 plugins.
Preloading 0 native plugins for Editor in 0.00 ms.
Invoked RoslynAnalysisRunner static constructor.
RoslynAnalysisRunner will not be running.
RoslynAnalysisRunner has terminated.
Mono: successfully reloaded assembly
- Completed reload, in  0.786 seconds
Platform modules already initialized, skipping
Refreshing native plugins compatible for Editor in 0.23 ms, found 0 plugins.
Preloading 0 native plugins for Editor in 0.00 ms.
Unloading 1186 Unused Serialized files (Serialized files now loaded: 0)
System memory in use before: 66.7 MB.
System memory in use after: 66.8 MB.

Unloading 6 unused Assets to reduce memory usage. Loaded Objects now: 1689.
Total: 1.793800 ms (FindLiveObjects: 0.129900 ms CreateObjectMapping: 0.036300 ms MarkObjects: 1.600500 ms  DeleteObjects: 0.025900 ms)

========================================================================
Received Import Request.
  Time since last request: 254.367739 seconds.
  path: Assets/Graphics/heart2.png
  artifactKey: Guid(f0f2dc0ba6f505845b620965e0bde70b) Importer(815301076,1909f56bfc062723c751e8b465ee728b)
Start importing Assets/Graphics/heart2.png using Guid(f0f2dc0ba6f505845b620965e0bde70b) Importer(815301076,1909f56bfc062723c751e8b465ee728b)  -> (artifact id: '9c64958fc2958a5271effa1736d61718') in 0.033065 seconds
  Import took 0.036460 seconds .

========================================================================
Received Import Request.
  Time since last request: 7.001977 seconds.
  path: Assets/Graphics/heart2.png
  artifactKey: Guid(f0f2dc0ba6f505845b620965e0bde70b) Importer(815301076,1909f56bfc062723c751e8b465ee728b)
Start importing Assets/Graphics/heart2.png using Guid(f0f2dc0ba6f505845b620965e0bde70b) Importer(815301076,1909f56bfc062723c751e8b465ee728b)  -> (artifact id: '8a03674335b7c90387ae6c480f7b4f38') in 0.024170 seconds
  Import took 0.027932 seconds .

========================================================================
Received Import Request.
  Time since last request: 91.043490 seconds.
  path: Assets/Graphics/heart3.png
  artifactKey: Guid(2611dbb14209cad4d8488543b541bcee) Importer(815301076,1909f56bfc062723c751e8b465ee728b)
Start importing Assets/Graphics/heart3.png using Guid(2611dbb14209cad4d8488543b541bcee) Importer(815301076,1909f56bfc062723c751e8b465ee728b)  -> (artifact id: 'febd7780c99c7e96121547df4032271e') in 0.014849 seconds
  Import took 0.017268 seconds .

========================================================================
Received Import Request.
  Time since last request: 7.115299 seconds.
  path: Assets/Graphics/heart3.png
  artifactKey: Guid(2611dbb14209cad4d8488543b541bcee) Importer(815301076,1909f56bfc062723c751e8b465ee728b)
Start importing Assets/Graphics/heart3.png using Guid(2611dbb14209cad4d8488543b541bcee) Importer(815301076,1909f56bfc062723c751e8b465ee728b)  -> (artifact id: '34a89319a9472f266aaa91d4191a281c') in 0.007169 seconds
  Import took 0.009841 seconds .

========================================================================
Received Import Request.
  Time since last request: 0.006622 seconds.
  path: Assets/Graphics/heart3.png
  artifactKey: Guid(2611dbb14209cad4d8488543b541bcee) Importer(815301076,1909f56bfc062723c751e8b465ee728b)
Start importing Assets/Graphics/heart3.png using Guid(2611dbb14209cad4d8488543b541bcee) Importer(815301076,1909f56bfc062723c751e8b465ee728b)  -> (artifact id: '34a89319a9472f266aaa91d4191a281c') in 0.008513 seconds
  Import took 0.010563 seconds .

========================================================================
Received Import Request.
  Time since last request: 51.577053 seconds.
  path: Assets/Graphics/HAIR.png
  artifactKey: Guid(7c336a1047f285645bf57c9ab72734e1) Importer(815301076,1909f56bfc062723c751e8b465ee728b)
Start importing Assets/Graphics/HAIR.png using Guid(7c336a1047f285645bf57c9ab72734e1) Importer(815301076,1909f56bfc062723c751e8b465ee728b)  -> (artifact id: '945fb28d6d8a4402b42405902d2aa4a9') in 0.010367 seconds
  Import took 0.013947 seconds .

========================================================================
Received Import Request.
  Time since last request: 0.004193 seconds.
  path: Assets/Graphics/HAIR.png
  artifactKey: Guid(7c336a1047f285645bf57c9ab72734e1) Importer(815301076,1909f56bfc062723c751e8b465ee728b)
Start importing Assets/Graphics/HAIR.png using Guid(7c336a1047f285645bf57c9ab72734e1) Importer(815301076,1909f56bfc062723c751e8b465ee728b)  -> (artifact id: '945fb28d6d8a4402b42405902d2aa4a9') in 0.006031 seconds
  Import took 0.008460 seconds .

========================================================================
Received Import Request.
  Time since last request: 5.725957 seconds.
  path: Assets/Graphics/HAIR.png
  artifactKey: Guid(7c336a1047f285645bf57c9ab72734e1) Importer(815301076,1909f56bfc062723c751e8b465ee728b)
Start importing Assets/Graphics/HAIR.png using Guid(7c336a1047f285645bf57c9ab72734e1) Importer(815301076,1909f56bfc062723c751e8b465ee728b)  -> (artifact id: '2c4b67b3d90d003a2c25c5091763df0d') in 0.021406 seconds
  Import took 0.023509 seconds .

========================================================================
Received Import Request.
  Time since last request: 0.011108 seconds.
  path: Assets/Graphics/HAIR.png
  artifactKey: Guid(7c336a1047f285645bf57c9ab72734e1) Importer(815301076,1909f56bfc062723c751e8b465ee728b)
Start importing Assets/Graphics/HAIR.png using Guid(7c336a1047f285645bf57c9ab72734e1) Importer(815301076,1909f56bfc062723c751e8b465ee728b)  -> (artifact id: '2c4b67b3d90d003a2c25c5091763df0d') in 0.008760 seconds
  Import took 0.010962 seconds .

========================================================================
Received Import Request.
  Time since last request: 97.623072 seconds.
  path: Assets/Graphics/HEAD.png
  artifactKey: Guid(beee71b79142a274f9fc119efaa00704) Importer(815301076,1909f56bfc062723c751e8b465ee728b)
Start importing Assets/Graphics/HEAD.png using Guid(beee71b79142a274f9fc119efaa00704) Importer(815301076,1909f56bfc062723c751e8b465ee728b)  -> (artifact id: '58311f545bafc7fa605fa248521318c0') in 0.009621 seconds
  Import took 0.012886 seconds .

========================================================================
Received Import Request.
  Time since last request: 6.107363 seconds.
  path: Assets/Graphics/HEAD.png
  artifactKey: Guid(beee71b79142a274f9fc119efaa00704) Importer(815301076,1909f56bfc062723c751e8b465ee728b)
Start importing Assets/Graphics/HEAD.png using Guid(beee71b79142a274f9fc119efaa00704) Importer(815301076,1909f56bfc062723c751e8b465ee728b)  -> (artifact id: '47bb00476e88f43d995af7d04c307a30') in 0.008155 seconds
  Import took 0.011143 seconds .

========================================================================
Received Import Request.
  Time since last request: 0.007049 seconds.
  path: Assets/Graphics/HEAD.png
  artifactKey: Guid(beee71b79142a274f9fc119efaa00704) Importer(815301076,1909f56bfc062723c751e8b465ee728b)
Start importing Assets/Graphics/HEAD.png using Guid(beee71b79142a274f9fc119efaa00704) Importer(815301076,1909f56bfc062723c751e8b465ee728b)  -> (artifact id: '47bb00476e88f43d995af7d04c307a30') in 0.009459 seconds
  Import took 0.011730 seconds .

========================================================================
Received Import Request.
  Time since last request: 152.227792 seconds.
  path: Assets/Graphics/NECK.png
  artifactKey: Guid(bf35da85c4cdb4a42aced820e5895901) Importer(815301076,1909f56bfc062723c751e8b465ee728b)
Start importing Assets/Graphics/NECK.png using Guid(bf35da85c4cdb4a42aced820e5895901) Importer(815301076,1909f56bfc062723c751e8b465ee728b)  -> (artifact id: '7be0b65243d15977df867778855e2625') in 0.015108 seconds
  Import took 0.017657 seconds .

========================================================================
Received Import Request.
  Time since last request: 9.455478 seconds.
  path: Assets/Graphics/NECK.png
  artifactKey: Guid(bf35da85c4cdb4a42aced820e5895901) Importer(815301076,1909f56bfc062723c751e8b465ee728b)
Start importing Assets/Graphics/NECK.png using Guid(bf35da85c4cdb4a42aced820e5895901) Importer(815301076,1909f56bfc062723c751e8b465ee728b)  -> (artifact id: 'a4e637e8be0fc2d7486b0181de4f2e6c') in 0.008005 seconds
  Import took 0.010985 seconds .

========================================================================
Received Import Request.
  Time since last request: 0.008554 seconds.
  path: Assets/Graphics/NECK.png
  artifactKey: Guid(bf35da85c4cdb4a42aced820e5895901) Importer(815301076,1909f56bfc062723c751e8b465ee728b)
Start importing Assets/Graphics/NECK.png using Guid(bf35da85c4cdb4a42aced820e5895901) Importer(815301076,1909f56bfc062723c751e8b465ee728b)  -> (artifact id: 'a4e637e8be0fc2d7486b0181de4f2e6c') in 0.008320 seconds
  Import took 0.010634 seconds .

========================================================================
Received Import Request.
  Time since last request: 95.919652 seconds.
  path: Assets/Graphics/EYES1.png
  artifactKey: Guid(ddee3fa23d3fca145b3857e8fd7d94ad) Importer(815301076,1909f56bfc062723c751e8b465ee728b)
Start importing Assets/Graphics/EYES1.png using Guid(ddee3fa23d3fca145b3857e8fd7d94ad) Importer(815301076,1909f56bfc062723c751e8b465ee728b)  -> (artifact id: 'e3b2b78b27fcb7ddbcd1128fecce494f') in 0.005624 seconds
  Import took 0.007695 seconds .

========================================================================
Received Import Request.
  Time since last request: 11.265840 seconds.
  path: Assets/Graphics/EYES1.png
  artifactKey: Guid(ddee3fa23d3fca145b3857e8fd7d94ad) Importer(815301076,1909f56bfc062723c751e8b465ee728b)
Start importing Assets/Graphics/EYES1.png using Guid(ddee3fa23d3fca145b3857e8fd7d94ad) Importer(815301076,1909f56bfc062723c751e8b465ee728b)  -> (artifact id: '0aa5b061c9e5bf548916619d56ed19dd') in 0.020172 seconds
  Import took 0.023018 seconds .

========================================================================
Received Import Request.
  Time since last request: 0.010763 seconds.
  path: Assets/Graphics/EYES1.png
  artifactKey: Guid(ddee3fa23d3fca145b3857e8fd7d94ad) Importer(815301076,1909f56bfc062723c751e8b465ee728b)
Start importing Assets/Graphics/EYES1.png using Guid(ddee3fa23d3fca145b3857e8fd7d94ad) Importer(815301076,1909f56bfc062723c751e8b465ee728b)  -> (artifact id: '0aa5b061c9e5bf548916619d56ed19dd') in 0.012543 seconds
  Import took 0.016053 seconds .

========================================================================
Received Import Request.
  Time since last request: 781.268969 seconds.
  path: Assets/Graphics/eyes1 1.png
  artifactKey: Guid(44e127af18967fe468a9dcc028114700) Importer(815301076,1909f56bfc062723c751e8b465ee728b)
Start importing Assets/Graphics/eyes1 1.png using Guid(44e127af18967fe468a9dcc028114700) Importer(815301076,1909f56bfc062723c751e8b465ee728b)  -> (artifact id: '3a0687f803194892a2cf1701b99cfe20') in 0.015296 seconds
  Import took 0.018489 seconds .

========================================================================
Received Import Request.
  Time since last request: 0.000369 seconds.
  path: Assets/Graphics/eyes2.png
  artifactKey: Guid(41e5d512d12a7314aa2b65446cdc540f) Importer(815301076,1909f56bfc062723c751e8b465ee728b)
Start importing Assets/Graphics/eyes2.png using Guid(41e5d512d12a7314aa2b65446cdc540f) Importer(815301076,1909f56bfc062723c751e8b465ee728b)  -> (artifact id: '2cd62c02f70672a27a0d685e2c2df0e6') in 0.006653 seconds
  Import took 0.010890 seconds .

========================================================================
Received Import Request.
  Time since last request: 0.000454 seconds.
  path: Assets/Graphics/eyes1 1.png
  artifactKey: Guid(44e127af18967fe468a9dcc028114700) Importer(815301076,1909f56bfc062723c751e8b465ee728b)
Start importing Assets/Graphics/eyes1 1.png using Guid(44e127af18967fe468a9dcc028114700) Importer(815301076,1909f56bfc062723c751e8b465ee728b)  -> (artifact id: '3a0687f803194892a2cf1701b99cfe20') in 0.006868 seconds
  Import took 0.009290 seconds .

========================================================================
Received Import Request.
  Time since last request: 0.000373 seconds.
  path: Assets/Graphics/eyes3.png
  artifactKey: Guid(d665451b3efe2754796bb8b834576404) Importer(815301076,1909f56bfc062723c751e8b465ee728b)
Start importing Assets/Graphics/eyes3.png using Guid(d665451b3efe2754796bb8b834576404) Importer(815301076,1909f56bfc062723c751e8b465ee728b)  -> (artifact id: '3d12cfb41eb34d7a2ae18fbec6acddaa') in 0.005144 seconds
  Import took 0.008581 seconds .

========================================================================
Received Import Request.
  Time since last request: 0.000637 seconds.
  path: Assets/Graphics/eyes2.png
  artifactKey: Guid(41e5d512d12a7314aa2b65446cdc540f) Importer(815301076,1909f56bfc062723c751e8b465ee728b)
Start importing Assets/Graphics/eyes2.png using Guid(41e5d512d12a7314aa2b65446cdc540f) Importer(815301076,1909f56bfc062723c751e8b465ee728b)  -> (artifact id: '2cd62c02f70672a27a0d685e2c2df0e6') in 0.010224 seconds
  Import took 0.016733 seconds .

========================================================================
Received Import Request.
  Time since last request: 9.157086 seconds.
  path: Assets/Graphics/eyes3.png
  artifactKey: Guid(d665451b3efe2754796bb8b834576404) Importer(815301076,1909f56bfc062723c751e8b465ee728b)
Start importing Assets/Graphics/eyes3.png using Guid(d665451b3efe2754796bb8b834576404) Importer(815301076,1909f56bfc062723c751e8b465ee728b)  -> (artifact id: 'cdbfabec3c9a64b9719f1af011a78ff1') in 0.011543 seconds
  Import took 0.014035 seconds .

========================================================================
Received Import Request.
  Time since last request: 0.006644 seconds.
  path: Assets/Graphics/eyes1 1.png
  artifactKey: Guid(44e127af18967fe468a9dcc028114700) Importer(815301076,1909f56bfc062723c751e8b465ee728b)
Start importing Assets/Graphics/eyes1 1.png using Guid(44e127af18967fe468a9dcc028114700) Importer(815301076,1909f56bfc062723c751e8b465ee728b)  -> (artifact id: 'f882fabba0d4d0d1e4d609fbd4d721d5') in 0.018534 seconds
  Import took 0.021754 seconds .

========================================================================
Received Import Request.
  Time since last request: 0.000490 seconds.
  path: Assets/Graphics/eyes2.png
  artifactKey: Guid(41e5d512d12a7314aa2b65446cdc540f) Importer(815301076,1909f56bfc062723c751e8b465ee728b)
Start importing Assets/Graphics/eyes2.png using Guid(41e5d512d12a7314aa2b65446cdc540f) Importer(815301076,1909f56bfc062723c751e8b465ee728b)  -> (artifact id: '4ce6ca5e2e8fec148f5f19c940c025f8') in 0.008881 seconds
  Import took 0.012148 seconds .

========================================================================
Received Import Request.
  Time since last request: 0.000849 seconds.
  path: Assets/Graphics/eyes2.png
  artifactKey: Guid(41e5d512d12a7314aa2b65446cdc540f) Importer(815301076,1909f56bfc062723c751e8b465ee728b)
Start importing Assets/Graphics/eyes2.png using Guid(41e5d512d12a7314aa2b65446cdc540f) Importer(815301076,1909f56bfc062723c751e8b465ee728b)  -> (artifact id: '4ce6ca5e2e8fec148f5f19c940c025f8') in 0.006566 seconds
  Import took 0.009118 seconds .

========================================================================
Received Import Request.
  Time since last request: 60.123150 seconds.
  path: Assets/Graphics/EYES1.png
  artifactKey: Guid(ddee3fa23d3fca145b3857e8fd7d94ad) Importer(815301076,1909f56bfc062723c751e8b465ee728b)
Start importing Assets/Graphics/EYES1.png using Guid(ddee3fa23d3fca145b3857e8fd7d94ad) Importer(815301076,1909f56bfc062723c751e8b465ee728b)  -> (artifact id: '8543660c118e58979dc46723dcbef43e') in 0.008602 seconds
  Import took 0.011232 seconds .

========================================================================
Received Import Request.
  Time since last request: 0.008528 seconds.
  path: Assets/Graphics/EYES1.png
  artifactKey: Guid(ddee3fa23d3fca145b3857e8fd7d94ad) Importer(815301076,1909f56bfc062723c751e8b465ee728b)
Start importing Assets/Graphics/EYES1.png using Guid(ddee3fa23d3fca145b3857e8fd7d94ad) Importer(815301076,1909f56bfc062723c751e8b465ee728b)  -> (artifact id: '8543660c118e58979dc46723dcbef43e') in 0.009133 seconds
  Import took 0.011189 seconds .

========================================================================
Received Import Request.
  Time since last request: 7.060680 seconds.
  path: Assets/Graphics/eyes1 1.png
  artifactKey: Guid(44e127af18967fe468a9dcc028114700) Importer(815301076,1909f56bfc062723c751e8b465ee728b)
Start importing Assets/Graphics/eyes1 1.png using Guid(44e127af18967fe468a9dcc028114700) Importer(815301076,1909f56bfc062723c751e8b465ee728b)  -> (artifact id: 'd9d665c2cab2c9c37b96e78ef1678798') in 0.006208 seconds
  Import took 0.008964 seconds .

========================================================================
Received Import Request.
  Time since last request: 0.008796 seconds.
  path: Assets/Graphics/eyes1 1.png
  artifactKey: Guid(44e127af18967fe468a9dcc028114700) Importer(815301076,1909f56bfc062723c751e8b465ee728b)
Start importing Assets/Graphics/eyes1 1.png using Guid(44e127af18967fe468a9dcc028114700) Importer(815301076,1909f56bfc062723c751e8b465ee728b)  -> (artifact id: 'd9d665c2cab2c9c37b96e78ef1678798') in 0.010962 seconds
  Import took 0.013299 seconds .

========================================================================
Received Import Request.
  Time since last request: 18.913826 seconds.
  path: Assets/Graphics/eyes1 1.png
  artifactKey: Guid(44e127af18967fe468a9dcc028114700) Importer(815301076,1909f56bfc062723c751e8b465ee728b)
Start importing Assets/Graphics/eyes1 1.png using Guid(44e127af18967fe468a9dcc028114700) Importer(815301076,1909f56bfc062723c751e8b465ee728b)  -> (artifact id: 'fecbf9e005d65f2f2002edc251c39d6d') in 0.006287 seconds
  Import took 0.008357 seconds .

========================================================================
Received Import Request.
  Time since last request: 0.008784 seconds.
  path: Assets/Graphics/eyes1 1.png
  artifactKey: Guid(44e127af18967fe468a9dcc028114700) Importer(815301076,1909f56bfc062723c751e8b465ee728b)
Start importing Assets/Graphics/eyes1 1.png using Guid(44e127af18967fe468a9dcc028114700) Importer(815301076,1909f56bfc062723c751e8b465ee728b)  -> (artifact id: 'fecbf9e005d65f2f2002edc251c39d6d') in 0.012791 seconds
  Import took 0.015082 seconds .

========================================================================
Received Import Request.
  Time since last request: 12.631492 seconds.
  path: Assets/Graphics/eyes1 1.png
  artifactKey: Guid(44e127af18967fe468a9dcc028114700) Importer(815301076,1909f56bfc062723c751e8b465ee728b)
Start importing Assets/Graphics/eyes1 1.png using Guid(44e127af18967fe468a9dcc028114700) Importer(815301076,1909f56bfc062723c751e8b465ee728b)  -> (artifact id: '852c144594f1b4af71e6972b066e9900') in 0.005936 seconds
  Import took 0.008216 seconds .

========================================================================
Received Import Request.
  Time since last request: 0.011049 seconds.
  path: Assets/Graphics/eyes1 1.png
  artifactKey: Guid(44e127af18967fe468a9dcc028114700) Importer(815301076,1909f56bfc062723c751e8b465ee728b)
Start importing Assets/Graphics/eyes1 1.png using Guid(44e127af18967fe468a9dcc028114700) Importer(815301076,1909f56bfc062723c751e8b465ee728b)  -> (artifact id: '852c144594f1b4af71e6972b066e9900') in 0.009737 seconds
  Import took 0.013101 seconds .

========================================================================
Received Import Request.
  Time since last request: 4.210337 seconds.
  path: Assets/Graphics/eyes1 1.png
  artifactKey: Guid(44e127af18967fe468a9dcc028114700) Importer(815301076,1909f56bfc062723c751e8b465ee728b)
Start importing Assets/Graphics/eyes1 1.png using Guid(44e127af18967fe468a9dcc028114700) Importer(815301076,1909f56bfc062723c751e8b465ee728b)  -> (artifact id: '7740f769edb34adf9b7df0df63619273') in 0.008746 seconds
  Import took 0.012772 seconds .

========================================================================
Received Import Request.
  Time since last request: 0.006385 seconds.
  path: Assets/Graphics/eyes1 1.png
  artifactKey: Guid(44e127af18967fe468a9dcc028114700) Importer(815301076,1909f56bfc062723c751e8b465ee728b)
Start importing Assets/Graphics/eyes1 1.png using Guid(44e127af18967fe468a9dcc028114700) Importer(815301076,1909f56bfc062723c751e8b465ee728b)  -> (artifact id: '7740f769edb34adf9b7df0df63619273') in 0.006676 seconds
  Import took 0.009104 seconds .

========================================================================
Received Import Request.
  Time since last request: 50.792532 seconds.
  path: Assets/Graphics/eyes1 1.png
  artifactKey: Guid(44e127af18967fe468a9dcc028114700) Importer(815301076,1909f56bfc062723c751e8b465ee728b)
Start importing Assets/Graphics/eyes1 1.png using Guid(44e127af18967fe468a9dcc028114700) Importer(815301076,1909f56bfc062723c751e8b465ee728b)  -> (artifact id: 'd2c0dfeb780172e00b2728c06f6fb57f') in 0.006311 seconds
  Import took 0.008800 seconds .

========================================================================
Received Import Request.
  Time since last request: 0.000422 seconds.
  path: Assets/Graphics/eyes2.png
  artifactKey: Guid(41e5d512d12a7314aa2b65446cdc540f) Importer(815301076,1909f56bfc062723c751e8b465ee728b)
Start importing Assets/Graphics/eyes2.png using Guid(41e5d512d12a7314aa2b65446cdc540f) Importer(815301076,1909f56bfc062723c751e8b465ee728b)  -> (artifact id: 'd125a66e877ec2e117a1598edd24a72d') in 0.006337 seconds
  Import took 0.009922 seconds .

========================================================================
Received Import Request.
  Time since last request: 0.000481 seconds.
  path: Assets/Graphics/eyes1 1.png
  artifactKey: Guid(44e127af18967fe468a9dcc028114700) Importer(815301076,1909f56bfc062723c751e8b465ee728b)
Start importing Assets/Graphics/eyes1 1.png using Guid(44e127af18967fe468a9dcc028114700) Importer(815301076,1909f56bfc062723c751e8b465ee728b)  -> (artifact id: 'd2c0dfeb780172e00b2728c06f6fb57f') in 0.005762 seconds
  Import took 0.008877 seconds .

========================================================================
Received Import Request.
  Time since last request: 0.000320 seconds.
  path: Assets/Graphics/eyes3.png
  artifactKey: Guid(d665451b3efe2754796bb8b834576404) Importer(815301076,1909f56bfc062723c751e8b465ee728b)
Start importing Assets/Graphics/eyes3.png using Guid(d665451b3efe2754796bb8b834576404) Importer(815301076,1909f56bfc062723c751e8b465ee728b)  -> (artifact id: '5df9cfdc0d2773c177be0127658459d5') in 0.006252 seconds
  Import took 0.008797 seconds .

========================================================================
Received Import Request.
  Time since last request: 11.168862 seconds.
  path: Assets/Graphics/eyes3.png
  artifactKey: Guid(d665451b3efe2754796bb8b834576404) Importer(815301076,1909f56bfc062723c751e8b465ee728b)
Start importing Assets/Graphics/eyes3.png using Guid(d665451b3efe2754796bb8b834576404) Importer(815301076,1909f56bfc062723c751e8b465ee728b)  -> (artifact id: '3cff24643682048fa1894feed7b77404') in 0.011164 seconds
  Import took 0.013645 seconds .

========================================================================
Received Import Request.
  Time since last request: 0.007187 seconds.
  path: Assets/Graphics/eyes1 1.png
  artifactKey: Guid(44e127af18967fe468a9dcc028114700) Importer(815301076,1909f56bfc062723c751e8b465ee728b)
Start importing Assets/Graphics/eyes1 1.png using Guid(44e127af18967fe468a9dcc028114700) Importer(815301076,1909f56bfc062723c751e8b465ee728b)  -> (artifact id: '2456a58c27c7462f22b06fdef32aa524') in 0.006592 seconds
  Import took 0.009141 seconds .

========================================================================
Received Import Request.
  Time since last request: 0.000331 seconds.
  path: Assets/Graphics/eyes2.png
  artifactKey: Guid(41e5d512d12a7314aa2b65446cdc540f) Importer(815301076,1909f56bfc062723c751e8b465ee728b)
Start importing Assets/Graphics/eyes2.png using Guid(41e5d512d12a7314aa2b65446cdc540f) Importer(815301076,1909f56bfc062723c751e8b465ee728b)  -> (artifact id: '98bf2f140242df93506607f1c3caea28') in 0.015119 seconds
  Import took 0.017535 seconds .

========================================================================
Received Import Request.
  Time since last request: 0.010788 seconds.
  path: Assets/Graphics/eyes2.png
  artifactKey: Guid(41e5d512d12a7314aa2b65446cdc540f) Importer(815301076,1909f56bfc062723c751e8b465ee728b)
Start importing Assets/Graphics/eyes2.png using Guid(41e5d512d12a7314aa2b65446cdc540f) Importer(815301076,1909f56bfc062723c751e8b465ee728b)  -> (artifact id: '98bf2f140242df93506607f1c3caea28') in 0.006742 seconds
  Import took 0.009473 seconds .

========================================================================
Received Import Request.
  Time since last request: 30.643452 seconds.
  path: Assets/Graphics/eyes1 1.png
  artifactKey: Guid(44e127af18967fe468a9dcc028114700) Importer(815301076,1909f56bfc062723c751e8b465ee728b)
Start importing Assets/Graphics/eyes1 1.png using Guid(44e127af18967fe468a9dcc028114700) Importer(815301076,1909f56bfc062723c751e8b465ee728b)  -> (artifact id: '64c88e0ea78fbca59201aa6e128c125b') in 0.008557 seconds
  Import took 0.011241 seconds .

========================================================================
Received Import Request.
  Time since last request: 0.008535 seconds.
  path: Assets/Graphics/eyes1 1.png
  artifactKey: Guid(44e127af18967fe468a9dcc028114700) Importer(815301076,1909f56bfc062723c751e8b465ee728b)
Start importing Assets/Graphics/eyes1 1.png using Guid(44e127af18967fe468a9dcc028114700) Importer(815301076,1909f56bfc062723c751e8b465ee728b)  -> (artifact id: '64c88e0ea78fbca59201aa6e128c125b') in 0.009132 seconds
  Import took 0.011849 seconds .

========================================================================
Received Import Request.
  Time since last request: 52.475491 seconds.
  path: Assets/Graphics/eyes3.png
  artifactKey: Guid(d665451b3efe2754796bb8b834576404) Importer(815301076,1909f56bfc062723c751e8b465ee728b)
Start importing Assets/Graphics/eyes3.png using Guid(d665451b3efe2754796bb8b834576404) Importer(815301076,1909f56bfc062723c751e8b465ee728b)  -> (artifact id: '340825dd8ee66855a3568c636bd02f51') in 0.007548 seconds
  Import took 0.010917 seconds .

========================================================================
Received Import Request.
  Time since last request: 11.038562 seconds.
  path: Assets/Graphics/eyes3.png
  artifactKey: Guid(d665451b3efe2754796bb8b834576404) Importer(815301076,1909f56bfc062723c751e8b465ee728b)
Start importing Assets/Graphics/eyes3.png using Guid(d665451b3efe2754796bb8b834576404) Importer(815301076,1909f56bfc062723c751e8b465ee728b)  -> (artifact id: 'b807482f9985095c699dacc75adf250d') in 0.012929 seconds
  Import took 0.018186 seconds .

========================================================================
Received Import Request.
  Time since last request: 0.005525 seconds.
  path: Assets/Graphics/eyes3.png
  artifactKey: Guid(d665451b3efe2754796bb8b834576404) Importer(815301076,1909f56bfc062723c751e8b465ee728b)
Start importing Assets/Graphics/eyes3.png using Guid(d665451b3efe2754796bb8b834576404) Importer(815301076,1909f56bfc062723c751e8b465ee728b)  -> (artifact id: 'b807482f9985095c699dacc75adf250d') in 0.007154 seconds
  Import took 0.009562 seconds .

========================================================================
Received Import Request.
  Time since last request: 88.488883 seconds.
  path: Assets/Graphics/eyes1 1.png
  artifactKey: Guid(44e127af18967fe468a9dcc028114700) Importer(815301076,1909f56bfc062723c751e8b465ee728b)
Start importing Assets/Graphics/eyes1 1.png using Guid(44e127af18967fe468a9dcc028114700) Importer(815301076,1909f56bfc062723c751e8b465ee728b)  -> (artifact id: '5d5f30029333676900f56917caa4f0f4') in 0.005587 seconds
  Import took 0.008071 seconds .

========================================================================
Received Import Request.
  Time since last request: 0.000366 seconds.
  path: Assets/Graphics/eyes2.png
  artifactKey: Guid(41e5d512d12a7314aa2b65446cdc540f) Importer(815301076,1909f56bfc062723c751e8b465ee728b)
Start importing Assets/Graphics/eyes2.png using Guid(41e5d512d12a7314aa2b65446cdc540f) Importer(815301076,1909f56bfc062723c751e8b465ee728b)  -> (artifact id: '8952bc41d0886152b98853b5ea380a0a') in 0.009297 seconds
  Import took 0.012339 seconds .

========================================================================
Received Import Request.
  Time since last request: 0.000447 seconds.
  path: Assets/Graphics/eyes1 1.png
  artifactKey: Guid(44e127af18967fe468a9dcc028114700) Importer(815301076,1909f56bfc062723c751e8b465ee728b)
Start importing Assets/Graphics/eyes1 1.png using Guid(44e127af18967fe468a9dcc028114700) Importer(815301076,1909f56bfc062723c751e8b465ee728b)  -> (artifact id: '5d5f30029333676900f56917caa4f0f4') in 0.005353 seconds
  Import took 0.007897 seconds .

========================================================================
Received Import Request.
  Time since last request: 0.003530 seconds.
  path: Assets/Graphics/eyes2.png
  artifactKey: Guid(41e5d512d12a7314aa2b65446cdc540f) Importer(815301076,1909f56bfc062723c751e8b465ee728b)
Start importing Assets/Graphics/eyes2.png using Guid(41e5d512d12a7314aa2b65446cdc540f) Importer(815301076,1909f56bfc062723c751e8b465ee728b)  -> (artifact id: '8952bc41d0886152b98853b5ea380a0a') in 0.009873 seconds
  Import took 0.012550 seconds .

========================================================================
Received Import Request.
  Time since last request: 10.281175 seconds.
  path: Assets/Graphics/eyes3.png
  artifactKey: Guid(d665451b3efe2754796bb8b834576404) Importer(815301076,1909f56bfc062723c751e8b465ee728b)
Start importing Assets/Graphics/eyes3.png using Guid(d665451b3efe2754796bb8b834576404) Importer(815301076,1909f56bfc062723c751e8b465ee728b)  -> (artifact id: 'a1257feca0cdd373e4b62c51f583ca59') in 0.006696 seconds
  Import took 0.008781 seconds .

========================================================================
Received Import Request.
  Time since last request: 0.012070 seconds.
  path: Assets/Graphics/eyes1 1.png
  artifactKey: Guid(44e127af18967fe468a9dcc028114700) Importer(815301076,1909f56bfc062723c751e8b465ee728b)
Start importing Assets/Graphics/eyes1 1.png using Guid(44e127af18967fe468a9dcc028114700) Importer(815301076,1909f56bfc062723c751e8b465ee728b)  -> (artifact id: 'b65a987937fab76c27961bc56a69a3ae') in 0.014619 seconds
  Import took 0.017373 seconds .

========================================================================
Received Import Request.
  Time since last request: 0.000369 seconds.
  path: Assets/Graphics/eyes2.png
  artifactKey: Guid(41e5d512d12a7314aa2b65446cdc540f) Importer(815301076,1909f56bfc062723c751e8b465ee728b)
Start importing Assets/Graphics/eyes2.png using Guid(41e5d512d12a7314aa2b65446cdc540f) Importer(815301076,1909f56bfc062723c751e8b465ee728b)  -> (artifact id: 'e1f243870bdcf525cfd3e77d71e77173') in 0.008031 seconds
  Import took 0.010732 seconds .

========================================================================
Received Import Request.
  Time since last request: 0.001474 seconds.
  path: Assets/Graphics/eyes2.png
  artifactKey: Guid(41e5d512d12a7314aa2b65446cdc540f) Importer(815301076,1909f56bfc062723c751e8b465ee728b)
Start importing Assets/Graphics/eyes2.png using Guid(41e5d512d12a7314aa2b65446cdc540f) Importer(815301076,1909f56bfc062723c751e8b465ee728b)  -> (artifact id: 'e1f243870bdcf525cfd3e77d71e77173') in 0.008578 seconds
  Import took 0.011982 seconds .

========================================================================
Received Import Request.
  Time since last request: 712.612462 seconds.
  path: Assets/Graphics/wiz.png
  artifactKey: Guid(a1a91c7ed1b4fb442b8854273e64b14e) Importer(815301076,1909f56bfc062723c751e8b465ee728b)
Start importing Assets/Graphics/wiz.png using Guid(a1a91c7ed1b4fb442b8854273e64b14e) Importer(815301076,1909f56bfc062723c751e8b465ee728b)  -> (artifact id: 'f74b1415d871c4a105d8e313ad2fede5') in 0.007026 seconds
  Import took 0.009844 seconds .

========================================================================
Received Import Request.
  Time since last request: 5.387884 seconds.
  path: Assets/Graphics/wiz.png
  artifactKey: Guid(a1a91c7ed1b4fb442b8854273e64b14e) Importer(815301076,1909f56bfc062723c751e8b465ee728b)
Start importing Assets/Graphics/wiz.png using Guid(a1a91c7ed1b4fb442b8854273e64b14e) Importer(815301076,1909f56bfc062723c751e8b465ee728b)  -> (artifact id: 'b4244b1fffcafddef4d9d623b31b413e') in 0.010478 seconds
  Import took 0.013076 seconds .

========================================================================
Received Import Request.
  Time since last request: 0.007698 seconds.
  path: Assets/Graphics/wiz.png
  artifactKey: Guid(a1a91c7ed1b4fb442b8854273e64b14e) Importer(815301076,1909f56bfc062723c751e8b465ee728b)
Start importing Assets/Graphics/wiz.png using Guid(a1a91c7ed1b4fb442b8854273e64b14e) Importer(815301076,1909f56bfc062723c751e8b465ee728b)  -> (artifact id: 'b4244b1fffcafddef4d9d623b31b413e') in 0.012317 seconds
  Import took 0.014607 seconds .

========================================================================
Received Prepare
Registering precompiled user dll's ...
Registered in 0.002218 seconds.
Begin MonoManager ReloadAssembly
Native extension for WindowsStandalone target not found
Native extension for WebGL target not found
Refreshing native plugins compatible for Editor in 0.35 ms, found 0 plugins.
Preloading 0 native plugins for Editor in 0.00 ms.
Invoked RoslynAnalysisRunner static constructor.
RoslynAnalysisRunner will not be running.
RoslynAnalysisRunner has terminated.
Mono: successfully reloaded assembly
- Completed reload, in  1.072 seconds
Platform modules already initialized, skipping
Refreshing native plugins compatible for Editor in 0.35 ms, found 0 plugins.
Preloading 0 native plugins for Editor in 0.00 ms.
Unloading 1186 Unused Serialized files (Serialized files now loaded: 0)
System memory in use before: 67.5 MB.
System memory in use after: 67.6 MB.

Unloading 6 unused Assets to reduce memory usage. Loaded Objects now: 1712.
Total: 2.559400 ms (FindLiveObjects: 0.312300 ms CreateObjectMapping: 0.072000 ms MarkObjects: 2.153900 ms  DeleteObjects: 0.019700 ms)

========================================================================
Received Import Request.
  Time since last request: 267.699294 seconds.
  path: Assets/Prefabs/Card.prefab
  artifactKey: Guid(da378b371e27a8148a66c39e8c7f3fd3) Importer(815301076,1909f56bfc062723c751e8b465ee728b)
Start importing Assets/Prefabs/Card.prefab using Guid(da378b371e27a8148a66c39e8c7f3fd3) Importer(815301076,1909f56bfc062723c751e8b465ee728b)  -> (artifact id: 'bd6b21c2028f98412443eddaca50662d') in 0.173393 seconds
  Import took 0.176891 seconds .

========================================================================
Received Prepare
Registering precompiled user dll's ...
Registered in 0.001600 seconds.
Begin MonoManager ReloadAssembly
Native extension for WindowsStandalone target not found
Native extension for WebGL target not found
Refreshing native plugins compatible for Editor in 0.23 ms, found 0 plugins.
Preloading 0 native plugins for Editor in 0.00 ms.
Invoked RoslynAnalysisRunner static constructor.
RoslynAnalysisRunner will not be running.
RoslynAnalysisRunner has terminated.
Mono: successfully reloaded assembly
- Completed reload, in  0.869 seconds
Platform modules already initialized, skipping
Refreshing native plugins compatible for Editor in 0.25 ms, found 0 plugins.
Preloading 0 native plugins for Editor in 0.00 ms.
Unloading 1186 Unused Serialized files (Serialized files now loaded: 0)
System memory in use before: 67.9 MB.
System memory in use after: 68.0 MB.

Unloading 6 unused Assets to reduce memory usage. Loaded Objects now: 1718.
Total: 1.582000 ms (FindLiveObjects: 0.133500 ms CreateObjectMapping: 0.037600 ms MarkObjects: 1.391800 ms  DeleteObjects: 0.017200 ms)

========================================================================
Received Prepare
Registering precompiled user dll's ...
Registered in 0.001656 seconds.
Begin MonoManager ReloadAssembly
Native extension for WindowsStandalone target not found
Native extension for WebGL target not found
Refreshing native plugins compatible for Editor in 0.51 ms, found 0 plugins.
Preloading 0 native plugins for Editor in 0.00 ms.
Invoked RoslynAnalysisRunner static constructor.
RoslynAnalysisRunner will not be running.
RoslynAnalysisRunner has terminated.
Mono: successfully reloaded assembly
- Completed reload, in  0.821 seconds
Platform modules already initialized, skipping
Refreshing native plugins compatible for Editor in 0.23 ms, found 0 plugins.
Preloading 0 native plugins for Editor in 0.00 ms.
Unloading 1186 Unused Serialized files (Serialized files now loaded: 0)
System memory in use before: 67.7 MB.
System memory in use after: 67.8 MB.

Unloading 6 unused Assets to reduce memory usage. Loaded Objects now: 1720.
Total: 1.795100 ms (FindLiveObjects: 0.316400 ms CreateObjectMapping: 0.050700 ms MarkObjects: 1.408300 ms  DeleteObjects: 0.018400 ms)

========================================================================
Received Import Request.
  Time since last request: 327.317045 seconds.
  path: Assets/Resources/DOTweenSettings.asset
  artifactKey: Guid(9c4bb780efe7b38468dc34df3c842d48) Importer(815301076,1909f56bfc062723c751e8b465ee728b)
Start importing Assets/Resources/DOTweenSettings.asset using Guid(9c4bb780efe7b38468dc34df3c842d48) Importer(815301076,1909f56bfc062723c751e8b465ee728b)  -> (artifact id: '2210c49b67b92e47af5dfc945247a74d') in 0.013909 seconds
  Import took 0.016709 seconds .

========================================================================
Received Import Request.
  Time since last request: 1.120159 seconds.
  path: Assets/Plugins/Demigiant/DOTween/Editor/Imgs/DOTweenIcon.png
  artifactKey: Guid(8da095e39e9b4df488dfd436f81116d6) Importer(815301076,1909f56bfc062723c751e8b465ee728b)
Start importing Assets/Plugins/Demigiant/DOTween/Editor/Imgs/DOTweenIcon.png using Guid(8da095e39e9b4df488dfd436f81116d6) Importer(815301076,1909f56bfc062723c751e8b465ee728b)  -> (artifact id: '8fd7bbad67b0c3ea60a87cd37eab9cfe') in 0.027068 seconds
  Import took 0.029209 seconds .

========================================================================
Received Prepare
Registering precompiled user dll's ...
Registered in 0.001379 seconds.
Begin MonoManager ReloadAssembly
Native extension for WindowsStandalone target not found
Native extension for WebGL target not found
Refreshing native plugins compatible for Editor in 0.37 ms, found 0 plugins.
Preloading 0 native plugins for Editor in 0.00 ms.
Invoked RoslynAnalysisRunner static constructor.
RoslynAnalysisRunner will not be running.
RoslynAnalysisRunner has terminated.
Mono: successfully reloaded assembly
- Completed reload, in  0.820 seconds
Platform modules already initialized, skipping
Refreshing native plugins compatible for Editor in 0.23 ms, found 0 plugins.
Preloading 0 native plugins for Editor in 0.00 ms.
Unloading 1186 Unused Serialized files (Serialized files now loaded: 0)
System memory in use before: 67.9 MB.
System memory in use after: 68.0 MB.

Unloading 6 unused Assets to reduce memory usage. Loaded Objects now: 1723.
Total: 1.514100 ms (FindLiveObjects: 0.129800 ms CreateObjectMapping: 0.036700 ms MarkObjects: 1.331800 ms  DeleteObjects: 0.014800 ms)

========================================================================
Received Prepare
Registering precompiled user dll's ...
Registered in 0.001827 seconds.
Begin MonoManager ReloadAssembly
Native extension for WindowsStandalone target not found
Native extension for WebGL target not found
Refreshing native plugins compatible for Editor in 0.27 ms, found 0 plugins.
Preloading 0 native plugins for Editor in 0.00 ms.
Invoked RoslynAnalysisRunner static constructor.
RoslynAnalysisRunner will not be running.
RoslynAnalysisRunner has terminated.
Mono: successfully reloaded assembly
- Completed reload, in  1.173 seconds
Platform modules already initialized, skipping
Refreshing native plugins compatible for Editor in 0.23 ms, found 0 plugins.
Preloading 0 native plugins for Editor in 0.00 ms.
Unloading 1186 Unused Serialized files (Serialized files now loaded: 0)
System memory in use before: 67.8 MB.
System memory in use after: 67.9 MB.

Unloading 6 unused Assets to reduce memory usage. Loaded Objects now: 1725.
Total: 1.521900 ms (FindLiveObjects: 0.159900 ms CreateObjectMapping: 0.038400 ms MarkObjects: 1.308100 ms  DeleteObjects: 0.014100 ms)

========================================================================
Received Prepare
Registering precompiled user dll's ...
Registered in 0.002336 seconds.
Begin MonoManager ReloadAssembly
Native extension for WindowsStandalone target not found
Native extension for WebGL target not found
Refreshing native plugins compatible for Editor in 0.38 ms, found 0 plugins.
Preloading 0 native plugins for Editor in 0.00 ms.
Invoked RoslynAnalysisRunner static constructor.
RoslynAnalysisRunner will not be running.
RoslynAnalysisRunner has terminated.
Mono: successfully reloaded assembly
- Completed reload, in  1.059 seconds
Platform modules already initialized, skipping
Refreshing native plugins compatible for Editor in 1.06 ms, found 0 plugins.
Preloading 0 native plugins for Editor in 0.00 ms.
Unloading 1186 Unused Serialized files (Serialized files now loaded: 0)
System memory in use before: 67.9 MB.
System memory in use after: 68.0 MB.

Unloading 6 unused Assets to reduce memory usage. Loaded Objects now: 1727.
Total: 3.985000 ms (FindLiveObjects: 0.235400 ms CreateObjectMapping: 0.083400 ms MarkObjects: 3.597600 ms  DeleteObjects: 0.066300 ms)

========================================================================
Received Import Request.
  Time since last request: 386.880080 seconds.
  path: Assets/Graphics/wiz2.png
  artifactKey: Guid(a1a91c7ed1b4fb442b8854273e64b14e) Importer(815301076,1909f56bfc062723c751e8b465ee728b)
Start importing Assets/Graphics/wiz2.png using Guid(a1a91c7ed1b4fb442b8854273e64b14e) Importer(815301076,1909f56bfc062723c751e8b465ee728b)  -> (artifact id: '9724fe310c76c82166d0055d7170a90a') in 0.067620 seconds
  Import took 0.070052 seconds .

========================================================================
Received Import Request.
  Time since last request: 2.350192 seconds.
  path: Assets/Graphics/wiz2old.png
  artifactKey: Guid(a1a91c7ed1b4fb442b8854273e64b14e) Importer(815301076,1909f56bfc062723c751e8b465ee728b)
Start importing Assets/Graphics/wiz2old.png using Guid(a1a91c7ed1b4fb442b8854273e64b14e) Importer(815301076,1909f56bfc062723c751e8b465ee728b)  -> (artifact id: '85ce47eac2994b13ff93af1a2a578639') in 0.009857 seconds
  Import took 0.016011 seconds .

========================================================================
Received Import Request.
  Time since last request: 0.001336 seconds.
  path: Assets/Graphics/wiz2old.png
  artifactKey: Guid(a1a91c7ed1b4fb442b8854273e64b14e) Importer(815301076,1909f56bfc062723c751e8b465ee728b)
Start importing Assets/Graphics/wiz2old.png using Guid(a1a91c7ed1b4fb442b8854273e64b14e) Importer(815301076,1909f56bfc062723c751e8b465ee728b)  -> (artifact id: '85ce47eac2994b13ff93af1a2a578639') in 0.013312 seconds
  Import took 0.016576 seconds .

========================================================================
Received Import Request.
  Time since last request: 6.361135 seconds.
  path: Assets/Graphics/wiz.png
  artifactKey: Guid(605018214c1d9114c9828785ac553fe2) Importer(815301076,1909f56bfc062723c751e8b465ee728b)
Start importing Assets/Graphics/wiz.png using Guid(605018214c1d9114c9828785ac553fe2) Importer(815301076,1909f56bfc062723c751e8b465ee728b)  -> (artifact id: '0cb315709714d93c2a3b2f180e5cdb0d') in 0.011268 seconds
  Import took 0.015128 seconds .

========================================================================
Received Import Request.
  Time since last request: 8.309430 seconds.
  path: Assets/Graphics/wiz.png
  artifactKey: Guid(605018214c1d9114c9828785ac553fe2) Importer(815301076,1909f56bfc062723c751e8b465ee728b)
Start importing Assets/Graphics/wiz.png using Guid(605018214c1d9114c9828785ac553fe2) Importer(815301076,1909f56bfc062723c751e8b465ee728b)  -> (artifact id: '99074c566a76d31a814d1fba59493b2f') in 0.009224 seconds
  Import took 0.011351 seconds .

========================================================================
Received Import Request.
  Time since last request: 0.007165 seconds.
  path: Assets/Graphics/wiz.png
  artifactKey: Guid(605018214c1d9114c9828785ac553fe2) Importer(815301076,1909f56bfc062723c751e8b465ee728b)
Start importing Assets/Graphics/wiz.png using Guid(605018214c1d9114c9828785ac553fe2) Importer(815301076,1909f56bfc062723c751e8b465ee728b)  -> (artifact id: '99074c566a76d31a814d1fba59493b2f') in 0.009300 seconds
  Import took 0.012477 seconds .

========================================================================
Received Prepare
Registering precompiled user dll's ...
Registered in 0.001742 seconds.
Begin MonoManager ReloadAssembly
Native extension for WindowsStandalone target not found
Native extension for WebGL target not found
Refreshing native plugins compatible for Editor in 0.36 ms, found 0 plugins.
Preloading 0 native plugins for Editor in 0.00 ms.
Invoked RoslynAnalysisRunner static constructor.
RoslynAnalysisRunner will not be running.
RoslynAnalysisRunner has terminated.
Mono: successfully reloaded assembly
- Completed reload, in  0.951 seconds
Platform modules already initialized, skipping
Refreshing native plugins compatible for Editor in 0.40 ms, found 0 plugins.
Preloading 0 native plugins for Editor in 0.00 ms.
Unloading 1186 Unused Serialized files (Serialized files now loaded: 0)
System memory in use before: 67.9 MB.
System memory in use after: 68.0 MB.

Unloading 6 unused Assets to reduce memory usage. Loaded Objects now: 1730.
Total: 1.936200 ms (FindLiveObjects: 0.171600 ms CreateObjectMapping: 0.050300 ms MarkObjects: 1.696000 ms  DeleteObjects: 0.016900 ms)

========================================================================
Received Import Request.
  Time since last request: 160.580002 seconds.
  path: Assets/Prefabs/Particle System.prefab
  artifactKey: Guid(86e98d4e49c4cfc419f3e0ea20196bb8) Importer(815301076,1909f56bfc062723c751e8b465ee728b)
Start importing Assets/Prefabs/Particle System.prefab using Guid(86e98d4e49c4cfc419f3e0ea20196bb8) Importer(815301076,1909f56bfc062723c751e8b465ee728b)  -> (artifact id: '182be313b8a9805a9c089007234646fc') in 0.027842 seconds
  Import took 0.030652 seconds .

========================================================================
Received Prepare
Registering precompiled user dll's ...
Registered in 0.001396 seconds.
Begin MonoManager ReloadAssembly
Native extension for WindowsStandalone target not found
Native extension for WebGL target not found
Refreshing native plugins compatible for Editor in 0.34 ms, found 0 plugins.
Preloading 0 native plugins for Editor in 0.00 ms.
Invoked RoslynAnalysisRunner static constructor.
RoslynAnalysisRunner will not be running.
RoslynAnalysisRunner has terminated.
Mono: successfully reloaded assembly
- Completed reload, in  0.891 seconds
Platform modules already initialized, skipping
Refreshing native plugins compatible for Editor in 0.31 ms, found 0 plugins.
Preloading 0 native plugins for Editor in 0.00 ms.
Unloading 1186 Unused Serialized files (Serialized files now loaded: 0)
System memory in use before: 68.0 MB.
System memory in use after: 68.1 MB.

Unloading 6 unused Assets to reduce memory usage. Loaded Objects now: 1732.
Total: 1.818000 ms (FindLiveObjects: 0.172600 ms CreateObjectMapping: 0.043200 ms MarkObjects: 1.569400 ms  DeleteObjects: 0.030800 ms)

========================================================================
Received Prepare
Registering precompiled user dll's ...
Registered in 0.001481 seconds.
Begin MonoManager ReloadAssembly
Native extension for WindowsStandalone target not found
Native extension for WebGL target not found
Refreshing native plugins compatible for Editor in 0.24 ms, found 0 plugins.
Preloading 0 native plugins for Editor in 0.00 ms.
Invoked RoslynAnalysisRunner static constructor.
RoslynAnalysisRunner will not be running.
RoslynAnalysisRunner has terminated.
Mono: successfully reloaded assembly
- Completed reload, in  0.819 seconds
Platform modules already initialized, skipping
Refreshing native plugins compatible for Editor in 0.26 ms, found 0 plugins.
Preloading 0 native plugins for Editor in 0.00 ms.
Unloading 1186 Unused Serialized files (Serialized files now loaded: 0)
System memory in use before: 68.0 MB.
System memory in use after: 68.1 MB.

Unloading 6 unused Assets to reduce memory usage. Loaded Objects now: 1734.
Total: 1.469100 ms (FindLiveObjects: 0.142800 ms CreateObjectMapping: 0.037500 ms MarkObjects: 1.273700 ms  DeleteObjects: 0.014200 ms)

========================================================================
Received Prepare
Registering precompiled user dll's ...
Registered in 0.001667 seconds.
Begin MonoManager ReloadAssembly
Native extension for WindowsStandalone target not found
Native extension for WebGL target not found
Refreshing native plugins compatible for Editor in 0.23 ms, found 0 plugins.
Preloading 0 native plugins for Editor in 0.00 ms.
Invoked RoslynAnalysisRunner static constructor.
RoslynAnalysisRunner will not be running.
RoslynAnalysisRunner has terminated.
Mono: successfully reloaded assembly
- Completed reload, in  0.758 seconds
Platform modules already initialized, skipping
Refreshing native plugins compatible for Editor in 0.23 ms, found 0 plugins.
Preloading 0 native plugins for Editor in 0.00 ms.
Unloading 1186 Unused Serialized files (Serialized files now loaded: 0)
System memory in use before: 67.6 MB.
System memory in use after: 67.7 MB.

Unloading 6 unused Assets to reduce memory usage. Loaded Objects now: 1736.
Total: 1.552100 ms (FindLiveObjects: 0.133200 ms CreateObjectMapping: 0.035500 ms MarkObjects: 1.367600 ms  DeleteObjects: 0.014600 ms)

========================================================================
Received Prepare
Registering precompiled user dll's ...
Registered in 0.002018 seconds.
Begin MonoManager ReloadAssembly
Native extension for WindowsStandalone target not found
Native extension for WebGL target not found
Refreshing native plugins compatible for Editor in 0.35 ms, found 0 plugins.
Preloading 0 native plugins for Editor in 0.00 ms.
Invoked RoslynAnalysisRunner static constructor.
RoslynAnalysisRunner will not be running.
RoslynAnalysisRunner has terminated.
Mono: successfully reloaded assembly
- Completed reload, in  1.099 seconds
Platform modules already initialized, skipping
Refreshing native plugins compatible for Editor in 0.25 ms, found 0 plugins.
Preloading 0 native plugins for Editor in 0.00 ms.
Unloading 1186 Unused Serialized files (Serialized files now loaded: 0)
System memory in use before: 68.1 MB.
System memory in use after: 68.2 MB.

Unloading 6 unused Assets to reduce memory usage. Loaded Objects now: 1738.
Total: 3.449700 ms (FindLiveObjects: 0.383800 ms CreateObjectMapping: 1.391800 ms MarkObjects: 1.647500 ms  DeleteObjects: 0.024100 ms)

========================================================================
Received Prepare
Registering precompiled user dll's ...
Registered in 0.001900 seconds.
Begin MonoManager ReloadAssembly
Native extension for WindowsStandalone target not found
Native extension for WebGL target not found
Refreshing native plugins compatible for Editor in 0.25 ms, found 0 plugins.
Preloading 0 native plugins for Editor in 0.00 ms.
Invoked RoslynAnalysisRunner static constructor.
RoslynAnalysisRunner will not be running.
RoslynAnalysisRunner has terminated.
Mono: successfully reloaded assembly
- Completed reload, in  0.832 seconds
Platform modules already initialized, skipping
Refreshing native plugins compatible for Editor in 0.54 ms, found 0 plugins.
Preloading 0 native plugins for Editor in 0.00 ms.
Unloading 1186 Unused Serialized files (Serialized files now loaded: 0)
System memory in use before: 67.8 MB.
System memory in use after: 67.9 MB.

Unloading 6 unused Assets to reduce memory usage. Loaded Objects now: 1740.
Total: 2.075100 ms (FindLiveObjects: 0.263200 ms CreateObjectMapping: 0.066100 ms MarkObjects: 1.710100 ms  DeleteObjects: 0.034200 ms)

========================================================================
Received Import Request.
  Time since last request: 906.448523 seconds.
  path: Assets/images.jpg
  artifactKey: Guid(379d9cb185a76a6449fc1387fb1a075c) Importer(815301076,1909f56bfc062723c751e8b465ee728b)
Start importing Assets/images.jpg using Guid(379d9cb185a76a6449fc1387fb1a075c) Importer(815301076,1909f56bfc062723c751e8b465ee728b)  -> (artifact id: '44c0e905581c9046a464564ce845690d') in 0.053913 seconds
  Import took 0.056374 seconds .

========================================================================
Received Import Request.
  Time since last request: 0.000372 seconds.
  path: Assets/Screenshot_17.jpg
  artifactKey: Guid(992cb70ed4c307c43a87227bab04c764) Importer(815301076,1909f56bfc062723c751e8b465ee728b)
Start importing Assets/Screenshot_17.jpg using Guid(992cb70ed4c307c43a87227bab04c764) Importer(815301076,1909f56bfc062723c751e8b465ee728b)  -> (artifact id: '89d7fcc0f8ff06020a378af80c919bf8') in 0.029620 seconds
  Import took 0.032288 seconds .

========================================================================
Received Import Request.
  Time since last request: 8.576087 seconds.
  path: Assets/Graphics/sadGirl.png
  artifactKey: Guid(749b2aba385f5d1439bca392c0cb69ad) Importer(815301076,1909f56bfc062723c751e8b465ee728b)
Start importing Assets/Graphics/sadGirl.png using Guid(749b2aba385f5d1439bca392c0cb69ad) Importer(815301076,1909f56bfc062723c751e8b465ee728b)  -> (artifact id: '0d4cbed7ead4cee5af303f93fb2883ed') in 0.006872 seconds
  Import took 0.009481 seconds .

========================================================================
Received Import Request.
  Time since last request: 6.743560 seconds.
  path: Assets/Graphics/sadGirl.png
  artifactKey: Guid(749b2aba385f5d1439bca392c0cb69ad) Importer(815301076,1909f56bfc062723c751e8b465ee728b)
Start importing Assets/Graphics/sadGirl.png using Guid(749b2aba385f5d1439bca392c0cb69ad) Importer(815301076,1909f56bfc062723c751e8b465ee728b)  -> (artifact id: 'e7955a3fd964781e9e28fbec03e1c23e') in 0.009728 seconds
  Import took 0.011944 seconds .

========================================================================
Received Import Request.
  Time since last request: 0.009679 seconds.
  path: Assets/Graphics/sadGirl.png
  artifactKey: Guid(749b2aba385f5d1439bca392c0cb69ad) Importer(815301076,1909f56bfc062723c751e8b465ee728b)
Start importing Assets/Graphics/sadGirl.png using Guid(749b2aba385f5d1439bca392c0cb69ad) Importer(815301076,1909f56bfc062723c751e8b465ee728b)  -> (artifact id: 'e7955a3fd964781e9e28fbec03e1c23e') in 0.010773 seconds
  Import took 0.013204 seconds .

========================================================================
Received Prepare
Registering precompiled user dll's ...
Registered in 0.002709 seconds.
Begin MonoManager ReloadAssembly
Native extension for WindowsStandalone target not found
Native extension for WebGL target not found
Refreshing native plugins compatible for Editor in 0.24 ms, found 0 plugins.
Preloading 0 native plugins for Editor in 0.00 ms.
Invoked RoslynAnalysisRunner static constructor.
RoslynAnalysisRunner will not be running.
RoslynAnalysisRunner has terminated.
Mono: successfully reloaded assembly
- Completed reload, in  0.839 seconds
Platform modules already initialized, skipping
Refreshing native plugins compatible for Editor in 0.46 ms, found 0 plugins.
Preloading 0 native plugins for Editor in 0.00 ms.
Unloading 1186 Unused Serialized files (Serialized files now loaded: 0)
System memory in use before: 68.1 MB.
System memory in use after: 68.2 MB.

Unloading 6 unused Assets to reduce memory usage. Loaded Objects now: 1745.
Total: 1.674300 ms (FindLiveObjects: 0.145900 ms CreateObjectMapping: 0.041000 ms MarkObjects: 1.469300 ms  DeleteObjects: 0.016700 ms)

========================================================================
Received Import Request.
  Time since last request: 349.313281 seconds.
  path: Assets/Graphics/eyesMouthOnly.png
  artifactKey: Guid(16a80646bfcc78c44a12552f8360009c) Importer(815301076,1909f56bfc062723c751e8b465ee728b)
Start importing Assets/Graphics/eyesMouthOnly.png using Guid(16a80646bfcc78c44a12552f8360009c) Importer(815301076,1909f56bfc062723c751e8b465ee728b)  -> (artifact id: 'fba8d3a2a74f81bf42035ca7a7647a19') in 0.036651 seconds
  Import took 0.039966 seconds .

========================================================================
Received Import Request.
  Time since last request: 13.646185 seconds.
  path: Assets/Graphics/eyesMouthOnly.png
  artifactKey: Guid(16a80646bfcc78c44a12552f8360009c) Importer(815301076,1909f56bfc062723c751e8b465ee728b)
Start importing Assets/Graphics/eyesMouthOnly.png using Guid(16a80646bfcc78c44a12552f8360009c) Importer(815301076,1909f56bfc062723c751e8b465ee728b)  -> (artifact id: '813ad5ccce263b2fc1c577d9f974aa43') in 0.032127 seconds
  Import took 0.034479 seconds .

========================================================================
Received Import Request.
  Time since last request: 1261.257067 seconds.
  path: Assets/Graphics/monsterNew1.png
  artifactKey: Guid(4bcb5f19d684cc5498a3c6402a548eb9) Importer(815301076,1909f56bfc062723c751e8b465ee728b)
Start importing Assets/Graphics/monsterNew1.png using Guid(4bcb5f19d684cc5498a3c6402a548eb9) Importer(815301076,1909f56bfc062723c751e8b465ee728b)  -> (artifact id: '6c0dae619936df90c4efd5538e2fbe8a') in 0.016874 seconds
  Import took 0.019952 seconds .

========================================================================
Received Import Request.
  Time since last request: 6.057925 seconds.
  path: Assets/Graphics/monsterNew1.png
  artifactKey: Guid(4bcb5f19d684cc5498a3c6402a548eb9) Importer(815301076,1909f56bfc062723c751e8b465ee728b)
Start importing Assets/Graphics/monsterNew1.png using Guid(4bcb5f19d684cc5498a3c6402a548eb9) Importer(815301076,1909f56bfc062723c751e8b465ee728b)  -> (artifact id: '226e023f4de6ecaf6a27dcf84f378bdc') in 0.008971 seconds
  Import took 0.011097 seconds .

========================================================================
Received Import Request.
  Time since last request: 0.007245 seconds.
  path: Assets/Graphics/monsterNew1.png
  artifactKey: Guid(4bcb5f19d684cc5498a3c6402a548eb9) Importer(815301076,1909f56bfc062723c751e8b465ee728b)
Start importing Assets/Graphics/monsterNew1.png using Guid(4bcb5f19d684cc5498a3c6402a548eb9) Importer(815301076,1909f56bfc062723c751e8b465ee728b)  -> (artifact id: '226e023f4de6ecaf6a27dcf84f378bdc') in 0.012338 seconds
  Import took 0.014984 seconds .

========================================================================
Received Import Request.
  Time since last request: 64.004389 seconds.
  path: Assets/Graphics/monsterNew1.png
  artifactKey: Guid(4bcb5f19d684cc5498a3c6402a548eb9) Importer(815301076,1909f56bfc062723c751e8b465ee728b)
Start importing Assets/Graphics/monsterNew1.png using Guid(4bcb5f19d684cc5498a3c6402a548eb9) Importer(815301076,1909f56bfc062723c751e8b465ee728b)  -> (artifact id: '95d5a00569520b06a829d4b968386298') in 0.008233 seconds
  Import took 0.011561 seconds .

========================================================================
Received Import Request.
  Time since last request: 6.626992 seconds.
  path: Assets/Graphics/monsterNew1.png
  artifactKey: Guid(4bcb5f19d684cc5498a3c6402a548eb9) Importer(815301076,1909f56bfc062723c751e8b465ee728b)
Start importing Assets/Graphics/monsterNew1.png using Guid(4bcb5f19d684cc5498a3c6402a548eb9) Importer(815301076,1909f56bfc062723c751e8b465ee728b)  -> (artifact id: '7bb9eeb0f769d47a6d74b5dcfa96a804') in 0.012280 seconds
  Import took 0.014646 seconds .

========================================================================
Received Import Request.
  Time since last request: 0.004996 seconds.
  path: Assets/Graphics/monsterNew1.png
  artifactKey: Guid(4bcb5f19d684cc5498a3c6402a548eb9) Importer(815301076,1909f56bfc062723c751e8b465ee728b)
Start importing Assets/Graphics/monsterNew1.png using Guid(4bcb5f19d684cc5498a3c6402a548eb9) Importer(815301076,1909f56bfc062723c751e8b465ee728b)  -> (artifact id: '7bb9eeb0f769d47a6d74b5dcfa96a804') in 0.010900 seconds
  Import took 0.013129 seconds .

========================================================================
Received Import Request.
  Time since last request: 446.694964 seconds.
  path: Assets/Graphics/monster2 1.png
  artifactKey: Guid(33b76e8bad32a5c438adb729d3e67df9) Importer(815301076,1909f56bfc062723c751e8b465ee728b)
Start importing Assets/Graphics/monster2 1.png using Guid(33b76e8bad32a5c438adb729d3e67df9) Importer(815301076,1909f56bfc062723c751e8b465ee728b)  -> (artifact id: '279687c97d2cd7e99235b3373923d020') in 0.016722 seconds
  Import took 0.019174 seconds .

========================================================================
Received Import Request.
  Time since last request: 0.000476 seconds.
  path: Assets/Graphics/monster2 1.png
  artifactKey: Guid(33b76e8bad32a5c438adb729d3e67df9) Importer(815301076,1909f56bfc062723c751e8b465ee728b)
Start importing Assets/Graphics/monster2 1.png using Guid(33b76e8bad32a5c438adb729d3e67df9) Importer(815301076,1909f56bfc062723c751e8b465ee728b)  -> (artifact id: '279687c97d2cd7e99235b3373923d020') in 0.006728 seconds
  Import took 0.008715 seconds .

========================================================================
Received Import Request.
  Time since last request: 9.090957 seconds.
  path: Assets/Graphics/monster2 1.png
  artifactKey: Guid(33b76e8bad32a5c438adb729d3e67df9) Importer(815301076,1909f56bfc062723c751e8b465ee728b)
Start importing Assets/Graphics/monster2 1.png using Guid(33b76e8bad32a5c438adb729d3e67df9) Importer(815301076,1909f56bfc062723c751e8b465ee728b)  -> (artifact id: 'c88a6f60281744e704cf02f5e4d1c294') in 0.009063 seconds
  Import took 0.011132 seconds .

========================================================================
Received Import Request.
  Time since last request: 0.005680 seconds.
  path: Assets/Graphics/monster2 1.png
  artifactKey: Guid(33b76e8bad32a5c438adb729d3e67df9) Importer(815301076,1909f56bfc062723c751e8b465ee728b)
Start importing Assets/Graphics/monster2 1.png using Guid(33b76e8bad32a5c438adb729d3e67df9) Importer(815301076,1909f56bfc062723c751e8b465ee728b)  -> (artifact id: 'c88a6f60281744e704cf02f5e4d1c294') in 0.008388 seconds
  Import took 0.010553 seconds .

========================================================================
Received Import Request.
  Time since last request: 64.189767 seconds.
  path: Assets/Graphics/monster2 2.png
  artifactKey: Guid(38dae247273909f4aa1809fe6c285238) Importer(815301076,1909f56bfc062723c751e8b465ee728b)
Start importing Assets/Graphics/monster2 2.png using Guid(38dae247273909f4aa1809fe6c285238) Importer(815301076,1909f56bfc062723c751e8b465ee728b)  -> (artifact id: 'b10fe2fa0289f87b31dae50bf22241af') in 0.009688 seconds
  Import took 0.012399 seconds .

========================================================================
Received Import Request.
  Time since last request: 13.939444 seconds.
  path: Assets/Graphics/monster2 2.png
  artifactKey: Guid(38dae247273909f4aa1809fe6c285238) Importer(815301076,1909f56bfc062723c751e8b465ee728b)
Start importing Assets/Graphics/monster2 2.png using Guid(38dae247273909f4aa1809fe6c285238) Importer(815301076,1909f56bfc062723c751e8b465ee728b)  -> (artifact id: '2fae38b0fbd952cfa9104188ef0027ef') in 0.008946 seconds
  Import took 0.010977 seconds .

========================================================================
Received Import Request.
  Time since last request: 0.005466 seconds.
  path: Assets/Graphics/monster2 2.png
  artifactKey: Guid(38dae247273909f4aa1809fe6c285238) Importer(815301076,1909f56bfc062723c751e8b465ee728b)
Start importing Assets/Graphics/monster2 2.png using Guid(38dae247273909f4aa1809fe6c285238) Importer(815301076,1909f56bfc062723c751e8b465ee728b)  -> (artifact id: '2fae38b0fbd952cfa9104188ef0027ef') in 0.009234 seconds
  Import took 0.011244 seconds .

========================================================================
Received Import Request.
  Time since last request: 406.795779 seconds.
  path: Assets/Graphics/monster2 1.png
  artifactKey: Guid(33b76e8bad32a5c438adb729d3e67df9) Importer(815301076,1909f56bfc062723c751e8b465ee728b)
Start importing Assets/Graphics/monster2 1.png using Guid(33b76e8bad32a5c438adb729d3e67df9) Importer(815301076,1909f56bfc062723c751e8b465ee728b)  -> (artifact id: 'a01076d4411ef1a84078d6e1cef2bf5a') in 0.015423 seconds
  Import took 0.018599 seconds .

========================================================================
Received Import Request.
  Time since last request: 9.692251 seconds.
  path: Assets/Graphics/monster2 1.png
  artifactKey: Guid(33b76e8bad32a5c438adb729d3e67df9) Importer(815301076,1909f56bfc062723c751e8b465ee728b)
Start importing Assets/Graphics/monster2 1.png using Guid(33b76e8bad32a5c438adb729d3e67df9) Importer(815301076,1909f56bfc062723c751e8b465ee728b)  -> (artifact id: '69bc2a7bb2499cad467372bcb6d02490') in 0.010398 seconds
  Import took 0.012517 seconds .

========================================================================
Received Import Request.
  Time since last request: 0.005342 seconds.
  path: Assets/Graphics/monster2 1.png
  artifactKey: Guid(33b76e8bad32a5c438adb729d3e67df9) Importer(815301076,1909f56bfc062723c751e8b465ee728b)
Start importing Assets/Graphics/monster2 1.png using Guid(33b76e8bad32a5c438adb729d3e67df9) Importer(815301076,1909f56bfc062723c751e8b465ee728b)  -> (artifact id: '69bc2a7bb2499cad467372bcb6d02490') in 0.009298 seconds
  Import took 0.011362 seconds .

========================================================================
Received Import Request.
  Time since last request: 261.653134 seconds.
  path: Assets/Graphics/goop.png
  artifactKey: Guid(f3767536e76a9034b8269b81344cd158) Importer(815301076,1909f56bfc062723c751e8b465ee728b)
Start importing Assets/Graphics/goop.png using Guid(f3767536e76a9034b8269b81344cd158) Importer(815301076,1909f56bfc062723c751e8b465ee728b)  -> (artifact id: '2e472e4f41417d3e720be0d5ca4c6a50') in 0.007824 seconds
  Import took 0.010264 seconds .

========================================================================
Received Import Request.
  Time since last request: 4.245022 seconds.
  path: Assets/Graphics/goop 1.png
  artifactKey: Guid(410e44163bbe71b4ca86214c7c6e987f) Importer(815301076,1909f56bfc062723c751e8b465ee728b)
Start importing Assets/Graphics/goop 1.png using Guid(410e44163bbe71b4ca86214c7c6e987f) Importer(815301076,1909f56bfc062723c751e8b465ee728b)  -> (artifact id: '9f398a7aaabb429ce4fab128c46abfc9') in 0.007911 seconds
  Import took 0.010799 seconds .

========================================================================
Received Import Request.
  Time since last request: 0.002385 seconds.
  path: Assets/Graphics/goop 1.png
  artifactKey: Guid(410e44163bbe71b4ca86214c7c6e987f) Importer(815301076,1909f56bfc062723c751e8b465ee728b)
Start importing Assets/Graphics/goop 1.png using Guid(410e44163bbe71b4ca86214c7c6e987f) Importer(815301076,1909f56bfc062723c751e8b465ee728b)  -> (artifact id: '9f398a7aaabb429ce4fab128c46abfc9') in 0.006112 seconds
  Import took 0.008520 seconds .

========================================================================
Received Import Request.
  Time since last request: 9.169249 seconds.
  path: Assets/Graphics/goop.png
  artifactKey: Guid(f3767536e76a9034b8269b81344cd158) Importer(815301076,1909f56bfc062723c751e8b465ee728b)
Start importing Assets/Graphics/goop.png using Guid(f3767536e76a9034b8269b81344cd158) Importer(815301076,1909f56bfc062723c751e8b465ee728b)  -> (artifact id: '208b3f5030574e3c512fc1d040b985af') in 0.008868 seconds
  Import took 0.011020 seconds .

========================================================================
Received Import Request.
  Time since last request: 0.007304 seconds.
  path: Assets/Graphics/goop.png
  artifactKey: Guid(f3767536e76a9034b8269b81344cd158) Importer(815301076,1909f56bfc062723c751e8b465ee728b)
Start importing Assets/Graphics/goop.png using Guid(f3767536e76a9034b8269b81344cd158) Importer(815301076,1909f56bfc062723c751e8b465ee728b)  -> (artifact id: '208b3f5030574e3c512fc1d040b985af') in 0.008703 seconds
  Import took 0.011061 seconds .

========================================================================
Received Import Request.
  Time since last request: 112.174149 seconds.
  path: Assets/Graphics/goop.png
  artifactKey: Guid(f3767536e76a9034b8269b81344cd158) Importer(815301076,1909f56bfc062723c751e8b465ee728b)
Start importing Assets/Graphics/goop.png using Guid(f3767536e76a9034b8269b81344cd158) Importer(815301076,1909f56bfc062723c751e8b465ee728b)  -> (artifact id: 'ad65eb1e17ca25237609069f2ab43ba0') in 0.008275 seconds
  Import took 0.010989 seconds .

========================================================================
Received Import Request.
  Time since last request: 10.012660 seconds.
  path: Assets/Graphics/goop.png
  artifactKey: Guid(f3767536e76a9034b8269b81344cd158) Importer(815301076,1909f56bfc062723c751e8b465ee728b)
Start importing Assets/Graphics/goop.png using Guid(f3767536e76a9034b8269b81344cd158) Importer(815301076,1909f56bfc062723c751e8b465ee728b)  -> (artifact id: 'f96a4943b2979266674ad31f3a364c5e') in 0.008513 seconds
  Import took 0.010539 seconds .

========================================================================
Received Import Request.
  Time since last request: 0.007090 seconds.
  path: Assets/Graphics/goop.png
  artifactKey: Guid(f3767536e76a9034b8269b81344cd158) Importer(815301076,1909f56bfc062723c751e8b465ee728b)
Start importing Assets/Graphics/goop.png using Guid(f3767536e76a9034b8269b81344cd158) Importer(815301076,1909f56bfc062723c751e8b465ee728b)  -> (artifact id: 'f96a4943b2979266674ad31f3a364c5e') in 0.008064 seconds
  Import took 0.010181 seconds .

========================================================================
Received Import Request.
  Time since last request: 138.588159 seconds.
  path: Assets/Graphics/EmoPhase1.anim
  artifactKey: Guid(337e12c66a40229419129e36c237f4f8) Importer(815301076,1909f56bfc062723c751e8b465ee728b)
Start importing Assets/Graphics/EmoPhase1.anim using Guid(337e12c66a40229419129e36c237f4f8) Importer(815301076,1909f56bfc062723c751e8b465ee728b)  -> (artifact id: '1db6708538e7aafbc5a947782f4e7871') in 0.006206 seconds
  Import took 0.009203 seconds .

========================================================================
Received Import Request.
  Time since last request: 0.023729 seconds.
  path: Assets/Graphics/EmoPhase1.anim
  artifactKey: Guid(337e12c66a40229419129e36c237f4f8) Importer(815301076,1909f56bfc062723c751e8b465ee728b)
Start importing Assets/Graphics/EmoPhase1.anim using Guid(337e12c66a40229419129e36c237f4f8) Importer(815301076,1909f56bfc062723c751e8b465ee728b)  -> (artifact id: '1db6708538e7aafbc5a947782f4e7871') in 0.002653 seconds
  Import took 0.004638 seconds .

========================================================================
Received Prepare
Registering precompiled user dll's ...
Registered in 0.002176 seconds.
Begin MonoManager ReloadAssembly
Native extension for WindowsStandalone target not found
Native extension for WebGL target not found
Refreshing native plugins compatible for Editor in 0.66 ms, found 0 plugins.
Preloading 0 native plugins for Editor in 0.00 ms.
Invoked RoslynAnalysisRunner static constructor.
RoslynAnalysisRunner will not be running.
RoslynAnalysisRunner has terminated.
Mono: successfully reloaded assembly
- Completed reload, in  1.948 seconds
Platform modules already initialized, skipping
Refreshing native plugins compatible for Editor in 0.39 ms, found 0 plugins.
Preloading 0 native plugins for Editor in 0.00 ms.
Unloading 1186 Unused Serialized files (Serialized files now loaded: 0)
System memory in use before: 68.0 MB.
System memory in use after: 68.0 MB.

Unloading 6 unused Assets to reduce memory usage. Loaded Objects now: 1750.
Total: 3.609900 ms (FindLiveObjects: 0.161800 ms CreateObjectMapping: 0.039900 ms MarkObjects: 3.065200 ms  DeleteObjects: 0.340600 ms)

========================================================================
Received Prepare
Registering precompiled user dll's ...
Registered in 0.002810 seconds.
Begin MonoManager ReloadAssembly
Native extension for WindowsStandalone target not found
Native extension for WebGL target not found
Refreshing native plugins compatible for Editor in 0.31 ms, found 0 plugins.
Preloading 0 native plugins for Editor in 0.00 ms.
Invoked RoslynAnalysisRunner static constructor.
RoslynAnalysisRunner will not be running.
RoslynAnalysisRunner has terminated.
Mono: successfully reloaded assembly
- Completed reload, in  1.171 seconds
Platform modules already initialized, skipping
Refreshing native plugins compatible for Editor in 0.31 ms, found 0 plugins.
Preloading 0 native plugins for Editor in 0.00 ms.
Unloading 1186 Unused Serialized files (Serialized files now loaded: 0)
System memory in use before: 68.1 MB.
System memory in use after: 68.2 MB.

Unloading 6 unused Assets to reduce memory usage. Loaded Objects now: 1752.
Total: 2.312400 ms (FindLiveObjects: 0.155800 ms CreateObjectMapping: 0.041000 ms MarkObjects: 2.092100 ms  DeleteObjects: 0.021700 ms)

========================================================================
Received Prepare
Registering precompiled user dll's ...
Registered in 0.001512 seconds.
Begin MonoManager ReloadAssembly
Native extension for WindowsStandalone target not found
Native extension for WebGL target not found
Refreshing native plugins compatible for Editor in 0.42 ms, found 0 plugins.
Preloading 0 native plugins for Editor in 0.00 ms.
Invoked RoslynAnalysisRunner static constructor.
RoslynAnalysisRunner will not be running.
RoslynAnalysisRunner has terminated.
Mono: successfully reloaded assembly
- Completed reload, in  0.762 seconds
Platform modules already initialized, skipping
Refreshing native plugins compatible for Editor in 0.23 ms, found 0 plugins.
Preloading 0 native plugins for Editor in 0.00 ms.
Unloading 1186 Unused Serialized files (Serialized files now loaded: 0)
System memory in use before: 68.1 MB.
System memory in use after: 68.2 MB.

Unloading 6 unused Assets to reduce memory usage. Loaded Objects now: 1754.
Total: 2.265600 ms (FindLiveObjects: 0.186800 ms CreateObjectMapping: 0.046700 ms MarkObjects: 1.942200 ms  DeleteObjects: 0.087900 ms)

AssetImportWorkerClient::OnTransportError - code=2 error=End of file
